<?xml version="1.0" encoding="UTF-8"?>
<!-- Generated by org.testng.reporters.JUnitXMLReporter -->
<testsuite ignored="0" hostname="Mayank-Macbook.local" failures="1" tests="15" name="Test" time="16.286" errors="0" timestamp="2022-11-17T08:15:34 IST">
  <testcase classname="com.FirstMavenProject.AnnoTestNG" name="test2" time="0.006"/>
  <testcase classname="com.FirstMavenProject.AnnoTestNG" name="test4" time="0.001"/>
  <testcase classname="com.FirstMavenProject.AnnoTestNG" name="test5" time="0.002"/>
  <testcase classname="com.FirstMavenProject.AnnoTestNG" name="test6" time="0.002"/>
  <testcase classname="com.FirstMavenProject.AnnoTestNG" name="test8" time="0.002"/>
  <testcase classname="com.FirstMavenProject.AnnoTestNG" name="test7" time="0.001"/>
  <testcase classname="com.FirstMavenProject.TestNGPractice" name="test1" time="10.324"/>
  <testcase classname="com.FirstMavenProject.TestNGExample" name="test1" time="5.828">
    <failure type="org.openqa.selenium.NoSuchElementException" message="no such element: Unable to locate element: {&amp;quot;method&amp;quot;:&amp;quot;xpath&amp;quot;,&amp;quot;selector&amp;quot;:&amp;quot;//h1[text()=&amp;apos;esuifdgweiu&amp;apos;]&amp;quot;}
  (Session info: chrome=107.0.5304.110)
For documentation on this error, please visit: https://selenium.dev/exceptions/#no_such_element
Build info: version: &amp;apos;4.6.0&amp;apos;, revision: &amp;apos;79f1c02ae20&amp;apos;
System info: os.name: &amp;apos;Mac OS X&amp;apos;, os.arch: &amp;apos;x86_64&amp;apos;, os.version: &amp;apos;10.16&amp;apos;, java.version: &amp;apos;13.0.1&amp;apos;
Driver info: org.openqa.selenium.chrome.ChromeDriver
Command: [5db8e8dd9fc02463f098bf6895c2c641, findElement {using=xpath, value=//h1[text()=&amp;apos;esuifdgweiu&amp;apos;]}]
Capabilities {acceptInsecureCerts: false, browserName: chrome, browserVersion: 107.0.5304.110, chrome: {chromedriverVersion: 107.0.5304.62 (1eec40d3a576..., userDataDir: /var/folders/hc/bxv1wnkn3bd...}, goog:chromeOptions: {debuggerAddress: localhost:64652}, networkConnectionEnabled: false, pageLoadStrategy: normal, platformName: MAC, proxy: Proxy(), se:cdp: ws://localhost:64652/devtoo..., se:cdpVersion: 107.0.5304.110, setWindowRect: true, strictFileInteractability: false, timeouts: {implicit: 0, pageLoad: 300000, script: 30000}, unhandledPromptBehavior: dismiss and notify, webauthn:extension:credBlob: true, webauthn:extension:largeBlob: true, webauthn:virtualAuthenticators: true}
Session ID: 5db8e8dd9fc02463f098bf6895c2c641">
      <![CDATA[org.openqa.selenium.NoSuchElementException: no such element: Unable to locate element: {"method":"xpath","selector":"//h1[text()='esuifdgweiu']"}
  (Session info: chrome=107.0.5304.110)
For documentation on this error, please visit: https://selenium.dev/exceptions/#no_such_element
Build info: version: '4.6.0', revision: '79f1c02ae20'
System info: os.name: 'Mac OS X', os.arch: 'x86_64', os.version: '10.16', java.version: '13.0.1'
Driver info: org.openqa.selenium.chrome.ChromeDriver
Command: [5db8e8dd9fc02463f098bf6895c2c641, findElement {using=xpath, value=//h1[text()='esuifdgweiu']}]
Capabilities {acceptInsecureCerts: false, browserName: chrome, browserVersion: 107.0.5304.110, chrome: {chromedriverVersion: 107.0.5304.62 (1eec40d3a576..., userDataDir: /var/folders/hc/bxv1wnkn3bd...}, goog:chromeOptions: {debuggerAddress: localhost:64652}, networkConnectionEnabled: false, pageLoadStrategy: normal, platformName: MAC, proxy: Proxy(), se:cdp: ws://localhost:64652/devtoo..., se:cdpVersion: 107.0.5304.110, setWindowRect: true, strictFileInteractability: false, timeouts: {implicit: 0, pageLoad: 300000, script: 30000}, unhandledPromptBehavior: dismiss and notify, webauthn:extension:credBlob: true, webauthn:extension:largeBlob: true, webauthn:virtualAuthenticators: true}
Session ID: 5db8e8dd9fc02463f098bf6895c2c641
at org.openqa.selenium.remote.codec.w3c.W3CHttpResponseCodec.createException(W3CHttpResponseCodec.java:200)
at org.openqa.selenium.remote.codec.w3c.W3CHttpResponseCodec.decode(W3CHttpResponseCodec.java:133)
at org.openqa.selenium.remote.codec.w3c.W3CHttpResponseCodec.decode(W3CHttpResponseCodec.java:53)
at org.openqa.selenium.remote.HttpCommandExecutor.execute(HttpCommandExecutor.java:184)
at org.openqa.selenium.remote.service.DriverCommandExecutor.invokeExecute(DriverCommandExecutor.java:167)
at org.openqa.selenium.remote.service.DriverCommandExecutor.execute(DriverCommandExecutor.java:142)
at org.openqa.selenium.remote.RemoteWebDriver.execute(RemoteWebDriver.java:541)
at org.openqa.selenium.remote.ElementLocation$ElementFinder$2.findElement(ElementLocation.java:162)
at org.openqa.selenium.remote.ElementLocation.findElement(ElementLocation.java:60)
at org.openqa.selenium.remote.RemoteWebDriver.findElement(RemoteWebDriver.java:365)
at org.openqa.selenium.remote.RemoteWebDriver.findElement(RemoteWebDriver.java:357)
at com.FirstMavenProject.TestNGExample.test1(TestNGExample.java:28)
at java.base/java.util.ArrayList.forEach(ArrayList.java:1507)
... Removed 32 stack frames]]>
    </failure>
  </testcase> <!-- test1 -->
  <testcase classname="com.FirstMavenProject.TestNGAnno" name="test2" time="0.001"/>
  <testcase classname="com.FirstMavenProject.TestNGAnno" name="test4" time="0.0"/>
  <testcase classname="com.FirstMavenProject.TestNGAnno" name="test6" time="0.001"/>
  <testcase classname="com.FirstMavenProject.TestNGAnno" name="test7" time="0.001"/>
  <testcase classname="com.FirstMavenProject.TestNGAnno" name="test8" time="0.001"/>
  <testcase classname="com.FirstMavenProject.TestNGAnno" name="test9" time="0.001"/>
  <testcase classname="com.FirstMavenProject.TestNGAnno" name="test5" time="0.001"/>
</testsuite> <!-- Test -->
